2019-09-20 22:56:47,564 - root - DEBUG - Opening watch face 'remake_013.bin'
2019-09-20 22:56:47,564 - root - DEBUG - Reading parameters...
2019-09-20 22:56:47,564 - root - INFO - Reading header...
2019-09-20 22:56:47,565 - root - INFO - Header was read:
2019-09-20 22:56:47,565 - root - INFO - Signature: b'HMDIAL\x00', Unknown: 81, ParametersSize: 46, isValid: True
2019-09-20 22:56:47,565 - root - INFO - Reading parameter offsets...
2019-09-20 22:56:47,565 - root - INFO - Parameter offsets were read from file
2019-09-20 22:56:47,565 - root - INFO - Reading parameters descriptor...
2019-09-20 22:56:47,565 - root - INFO - 1 ( A): 5 bytes
2019-09-20 22:56:47,565 - root - INFO -     1 ( 8): 310 136
2019-09-20 22:56:47,565 - root - INFO -     2 (10): 48 30
2019-09-20 22:56:47,565 - root - INFO - getParameters descriptor was read:
2019-09-20 22:56:47,565 - root - INFO - ParametersTableLength: 310, ImagesCount: 48
2019-09-20 22:56:47,565 - root - INFO - Reading parameters locations...
2019-09-20 22:56:47,565 - root - INFO - 2 (12): 4 bytes
2019-09-20 22:56:47,565 - root - INFO -     1 ( 8): 0  0
2019-09-20 22:56:47,565 - root - INFO -     2 (10): 16 10
2019-09-20 22:56:47,566 - root - INFO - 3 (1A): 4 bytes
2019-09-20 22:56:47,566 - root - INFO -     1 ( 8): 16 10
2019-09-20 22:56:47,566 - root - INFO -     2 (10): 78 4E
2019-09-20 22:56:47,566 - root - INFO - 4 (22): 4 bytes
2019-09-20 22:56:47,566 - root - INFO -     1 ( 8): 94 5E
2019-09-20 22:56:47,566 - root - INFO -     2 (10): 74 4A
2019-09-20 22:56:47,566 - root - INFO - 5 (2A): 5 bytes
2019-09-20 22:56:47,566 - root - INFO -     1 ( 8): 168 A8
2019-09-20 22:56:47,566 - root - INFO -     2 (10): 40 28
2019-09-20 22:56:47,566 - root - INFO - 9 (4A): 5 bytes
2019-09-20 22:56:47,566 - root - INFO -     1 ( 8): 208 D0
2019-09-20 22:56:47,566 - root - INFO -     2 (10): 21 15
2019-09-20 22:56:47,566 - root - INFO - 10 (52): 5 bytes
2019-09-20 22:56:47,566 - root - INFO -     1 ( 8): 229 E5
2019-09-20 22:56:47,566 - root - INFO -     2 (10): 81 51
2019-09-20 22:56:47,566 - root - INFO - Watch face parameters locations were read:
2019-09-20 22:56:47,566 - root - INFO - Reading descriptor for parameter 2
2019-09-20 22:56:47,566 - root - INFO - Descriptor offset: 0, Descriptor length: 16
2019-09-20 22:56:47,566 - root - INFO - Parsing descriptor for parameter 2...
2019-09-20 22:56:47,567 - root - INFO - 1 ( A): 6 bytes
2019-09-20 22:56:47,567 - root - INFO -     1 ( 8): 0  0
2019-09-20 22:56:47,567 - root - INFO -     2 (10): 0  0
2019-09-20 22:56:47,567 - root - INFO -     3 (18): 0  0
2019-09-20 22:56:47,567 - root - INFO - 3 (1A): 6 bytes
2019-09-20 22:56:47,567 - root - INFO -     1 ( 8): 0  0
2019-09-20 22:56:47,567 - root - INFO -     2 (10): 0  0
2019-09-20 22:56:47,567 - root - INFO -     3 (18): 1  1
2019-09-20 22:56:47,567 - root - INFO - Reading descriptor for parameter 3
2019-09-20 22:56:47,567 - root - INFO - Descriptor offset: 16, Descriptor length: 78
2019-09-20 22:56:47,567 - root - INFO - Parsing descriptor for parameter 3...
2019-09-20 22:56:47,567 - root - INFO - 1 ( A): 24 bytes
2019-09-20 22:56:47,567 - root - INFO -     1 ( A): 10 bytes
2019-09-20 22:56:47,567 - root - INFO -         1 ( 8): 151 97
2019-09-20 22:56:47,567 - root - INFO -         2 (10): 351 15F
2019-09-20 22:56:47,567 - root - INFO -         3 (18): 2  2
2019-09-20 22:56:47,567 - root - INFO -         4 (20): 10  A
2019-09-20 22:56:47,567 - root - INFO -     2 (12): 10 bytes
2019-09-20 22:56:47,567 - root - INFO -         1 ( 8): 173 AD
2019-09-20 22:56:47,567 - root - INFO -         2 (10): 351 15F
2019-09-20 22:56:47,567 - root - INFO -         3 (18): 2  2
2019-09-20 22:56:47,568 - root - INFO -         4 (20): 10  A
2019-09-20 22:56:47,568 - root - INFO - 2 (12): 24 bytes
2019-09-20 22:56:47,568 - root - INFO -     1 ( A): 10 bytes
2019-09-20 22:56:47,568 - root - INFO -         1 ( 8): 206 CE
2019-09-20 22:56:47,568 - root - INFO -         2 (10): 351 15F
2019-09-20 22:56:47,568 - root - INFO -         3 (18): 2  2
2019-09-20 22:56:47,568 - root - INFO -         4 (20): 10  A
2019-09-20 22:56:47,568 - root - INFO -     2 (12): 10 bytes
2019-09-20 22:56:47,568 - root - INFO -         1 ( 8): 228 E4
2019-09-20 22:56:47,568 - root - INFO -         2 (10): 351 15F
2019-09-20 22:56:47,568 - root - INFO -         3 (18): 2  2
2019-09-20 22:56:47,568 - root - INFO -         4 (20): 10  A
2019-09-20 22:56:47,568 - root - INFO - 3 (1A): 24 bytes
2019-09-20 22:56:47,568 - root - INFO -     1 ( A): 10 bytes
2019-09-20 22:56:47,568 - root - INFO -         1 ( 8): 262 106
2019-09-20 22:56:47,568 - root - INFO -         2 (10): 351 15F
2019-09-20 22:56:47,569 - root - INFO -         3 (18): 2  2
2019-09-20 22:56:47,569 - root - INFO -         4 (20): 10  A
2019-09-20 22:56:47,569 - root - INFO -     2 (12): 10 bytes
2019-09-20 22:56:47,569 - root - INFO -         1 ( 8): 284 11C
2019-09-20 22:56:47,569 - root - INFO -         2 (10): 351 15F
2019-09-20 22:56:47,569 - root - INFO -         3 (18): 2  2
2019-09-20 22:56:47,569 - root - INFO -         4 (20): 10  A
2019-09-20 22:56:47,570 - root - INFO - Reading descriptor for parameter 4
2019-09-20 22:56:47,570 - root - INFO - Descriptor offset: 94, Descriptor length: 74
2019-09-20 22:56:47,570 - root - INFO - Parsing descriptor for parameter 4...
2019-09-20 22:56:47,570 - root - INFO - 3 (1A): 20 bytes
2019-09-20 22:56:47,570 - root - INFO -     1 ( 8): 317 13D
2019-09-20 22:56:47,570 - root - INFO -     2 (10): 213 D5
2019-09-20 22:56:47,570 - root - INFO -     3 (18): 368 170
2019-09-20 22:56:47,570 - root - INFO -     4 (20): 240 F0
2019-09-20 22:56:47,570 - root - INFO -     5 (28): 24 18
2019-09-20 22:56:47,570 - root - INFO -     6 (30): 2  2
2019-09-20 22:56:47,570 - root - INFO -     7 (38): 12  C
2019-09-20 22:56:47,570 - root - INFO -     8 (40): 10  A
2019-09-20 22:56:47,570 - root - INFO - 4 (22): 26 bytes
2019-09-20 22:56:47,570 - root - INFO -     1 ( A): 20 bytes
2019-09-20 22:56:47,570 - root - INFO -         1 ( 8): 129 81
2019-09-20 22:56:47,570 - root - INFO -         2 (10): 299 12B
2019-09-20 22:56:47,570 - root - INFO -         3 (18): 209 D1
2019-09-20 22:56:47,571 - root - INFO -         4 (20): 325 145
2019-09-20 22:56:47,571 - root - INFO -         5 (28): 18 12
2019-09-20 22:56:47,571 - root - INFO -         6 (30): 2  2
2019-09-20 22:56:47,571 - root - INFO -         7 (38): 2  2
2019-09-20 22:56:47,571 - root - INFO -         8 (40): 10  A
2019-09-20 22:56:47,571 - root - INFO -     2 (10): 22 16
2019-09-20 22:56:47,571 - root - INFO -     3 (18): 23 17
2019-09-20 22:56:47,571 - root - INFO - 5 (2A): 22 bytes
2019-09-20 22:56:47,571 - root - INFO -     1 ( A): 20 bytes
2019-09-20 22:56:47,571 - root - INFO -         1 ( 8): 234 EA
2019-09-20 22:56:47,571 - root - INFO -         2 (10): 299 12B
2019-09-20 22:56:47,571 - root - INFO -         3 (18): 333 14D
2019-09-20 22:56:47,571 - root - INFO -         4 (20): 325 145
2019-09-20 22:56:47,571 - root - INFO -         5 (28): 20 14
2019-09-20 22:56:47,571 - root - INFO -         6 (30): 2  2
2019-09-20 22:56:47,571 - root - INFO -         7 (38): 2  2
2019-09-20 22:56:47,571 - root - INFO -         8 (40): 10  A
2019-09-20 22:56:47,571 - root - INFO - Reading descriptor for parameter 5
2019-09-20 22:56:47,571 - root - INFO - Descriptor offset: 168, Descriptor length: 40
2019-09-20 22:56:47,571 - root - INFO - Parsing descriptor for parameter 5...
2019-09-20 22:56:47,572 - root - INFO - 1 ( A): 26 bytes
2019-09-20 22:56:47,572 - root - INFO -     1 ( A): 20 bytes
2019-09-20 22:56:47,572 - root - INFO -         3 (1A): 18 bytes
2019-09-20 22:56:47,572 - root - INFO -             1 ( 8): 204 CC
2019-09-20 22:56:47,572 - root - INFO -             2 (10): 85 55
2019-09-20 22:56:47,572 - root - INFO -             3 (18): 253 FD
2019-09-20 22:56:47,572 - root - INFO -             4 (20): 109 6D
2019-09-20 22:56:47,572 - root - INFO -             5 (28): 24 18
2019-09-20 22:56:47,572 - root - INFO -             6 (30): 2  2
2019-09-20 22:56:47,572 - root - INFO -             7 (38): 12  C
2019-09-20 22:56:47,572 - root - INFO -             8 (40): 10  A
2019-09-20 22:56:47,572 - root - INFO -     3 (18): 1  1
2019-09-20 22:56:47,572 - root - INFO -     4 (20): 1  1
2019-09-20 22:56:47,572 - root - INFO - 2 (12): 10 bytes
2019-09-20 22:56:47,572 - root - INFO -     1 ( 8): 203 CB
2019-09-20 22:56:47,573 - root - INFO -     2 (10): 299 12B
2019-09-20 22:56:47,573 - root - INFO -     3 (18): 24 18
2019-09-20 22:56:47,573 - root - INFO -     4 (20): 21 15
2019-09-20 22:56:47,573 - root - INFO - Reading descriptor for parameter 9
2019-09-20 22:56:47,573 - root - INFO - Descriptor offset: 208, Descriptor length: 21
2019-09-20 22:56:47,573 - root - INFO - Parsing descriptor for parameter 9...
2019-09-20 22:56:47,573 - root - INFO - 1 ( A): 19 bytes
2019-09-20 22:56:47,573 - root - INFO -     1 ( 8): 85 55
2019-09-20 22:56:47,573 - root - INFO -     2 (10): 212 D4
2019-09-20 22:56:47,573 - root - INFO -     3 (18): 134 86
2019-09-20 22:56:47,573 - root - INFO -     4 (20): 237 ED
2019-09-20 22:56:47,573 - root - INFO -     5 (28): 24 18
2019-09-20 22:56:47,573 - root - INFO -     6 (30): 2  2
2019-09-20 22:56:47,573 - root - INFO -     7 (38): 12  C
2019-09-20 22:56:47,573 - root - INFO -     8 (40): 10  A
2019-09-20 22:56:47,573 - root - INFO - Reading descriptor for parameter 10
2019-09-20 22:56:47,573 - root - INFO - Descriptor offset: 229, Descriptor length: 81
2019-09-20 22:56:47,573 - root - INFO - Parsing descriptor for parameter 10...
2019-09-20 22:56:47,573 - root - INFO - 1 ( A): 25 bytes
2019-09-20 22:56:47,574 - root - INFO -     1 ( 8): 0  0
2019-09-20 22:56:47,574 - root - INFO -     2 (10): 0  0
2019-09-20 22:56:47,574 - root - INFO -     3 (1A): 4 bytes
2019-09-20 22:56:47,574 - root - INFO -         1 ( 8): 0  0
2019-09-20 22:56:47,574 - root - INFO -         2 (10): 0  0
2019-09-20 22:56:47,574 - root - INFO -     4 (22): 4 bytes
2019-09-20 22:56:47,574 - root - INFO -         1 ( 8): 0  0
2019-09-20 22:56:47,574 - root - INFO -         2 (10): 0  0
2019-09-20 22:56:47,574 - root - INFO -     5 (2A): 7 bytes
2019-09-20 22:56:47,574 - root - INFO -         1 ( 8): 38 26
2019-09-20 22:56:47,575 - root - INFO -         2 (10): 227 E3
2019-09-20 22:56:47,575 - root - INFO -         3 (18): 45 2D
2019-09-20 22:56:47,575 - root - INFO - 2 (12): 25 bytes
2019-09-20 22:56:47,575 - root - INFO -     1 ( 8): 0  0
2019-09-20 22:56:47,575 - root - INFO -     2 (10): 0  0
2019-09-20 22:56:47,575 - root - INFO -     3 (1A): 4 bytes
2019-09-20 22:56:47,575 - root - INFO -         1 ( 8): 0  0
2019-09-20 22:56:47,575 - root - INFO -         2 (10): 0  0
2019-09-20 22:56:47,575 - root - INFO -     4 (22): 4 bytes
2019-09-20 22:56:47,575 - root - INFO -         1 ( 8): 0  0
2019-09-20 22:56:47,575 - root - INFO -         2 (10): 0  0
2019-09-20 22:56:47,575 - root - INFO -     5 (2A): 7 bytes
2019-09-20 22:56:47,576 - root - INFO -         1 ( 8): 38 26
2019-09-20 22:56:47,576 - root - INFO -         2 (10): 227 E3
2019-09-20 22:56:47,576 - root - INFO -         3 (18): 46 2E
2019-09-20 22:56:47,576 - root - INFO - 3 (1A): 25 bytes
2019-09-20 22:56:47,576 - root - INFO -     1 ( 8): 0  0
2019-09-20 22:56:47,576 - root - INFO -     2 (10): 0  0
2019-09-20 22:56:47,576 - root - INFO -     3 (1A): 4 bytes
2019-09-20 22:56:47,576 - root - INFO -         1 ( 8): 0  0
2019-09-20 22:56:47,576 - root - INFO -         2 (10): 0  0
2019-09-20 22:56:47,576 - root - INFO -     4 (22): 4 bytes
2019-09-20 22:56:47,577 - root - INFO -         1 ( 8): 0  0
2019-09-20 22:56:47,577 - root - INFO -         2 (10): 0  0
2019-09-20 22:56:47,577 - root - INFO -     5 (2A): 7 bytes
2019-09-20 22:56:47,577 - root - INFO -         1 ( 8): 38 26
2019-09-20 22:56:47,577 - root - INFO -         2 (10): 227 E3
2019-09-20 22:56:47,577 - root - INFO -         3 (18): 47 2F
2019-09-20 22:56:47,578 - root - INFO - Reading resources offsets table with 48 elements (192 bytes)
2019-09-20 22:56:47,578 - root - INFO - Resource 0 offset: 616, length: 824488...
2019-09-20 22:56:47,578 - root - WARNING - Found 4 bytes gap before resource number 0
2019-09-20 22:56:47,578 - root - DEBUG - Reading resource 0...
2019-09-20 22:56:47,589 - root - WARNING - The image is 32bit.
2019-09-20 22:56:47,589 - root - INFO - Reading image header(non-bip)...
2019-09-20 22:56:47,589 - root - INFO - Image header was read:
2019-09-20 22:56:47,590 - root - INFO - Width: 454, Height: 454, RowLength: 1816
2019-09-20 22:56:47,590 - root - INFO - BPP: 32, Transparency: False
2019-09-20 22:56:48,095 - root - INFO - Resource 1 offset: 825104, length: 283048...
2019-09-20 22:56:48,095 - root - DEBUG - Reading resource 1...
2019-09-20 22:56:48,095 - root - WARNING - The image is 32bit.
2019-09-20 22:56:48,095 - root - INFO - Reading image header(non-bip)...
2019-09-20 22:56:48,095 - root - INFO - Image header was read:
2019-09-20 22:56:48,095 - root - INFO - Width: 266, Height: 266, RowLength: 1064
2019-09-20 22:56:48,095 - root - INFO - BPP: 32, Transparency: False
2019-09-20 22:56:48,262 - root - INFO - Resource 2 offset: 1108152, length: 1688...
2019-09-20 22:56:48,262 - root - DEBUG - Reading resource 2...
2019-09-20 22:56:48,262 - root - WARNING - The image is 32bit.
2019-09-20 22:56:48,262 - root - INFO - Reading image header(non-bip)...
2019-09-20 22:56:48,262 - root - INFO - Image header was read:
2019-09-20 22:56:48,262 - root - INFO - Width: 16, Height: 26, RowLength: 64
2019-09-20 22:56:48,262 - root - INFO - BPP: 32, Transparency: False
2019-09-20 22:56:48,263 - root - INFO - Resource 3 offset: 1109840, length: 1688...
2019-09-20 22:56:48,263 - root - DEBUG - Reading resource 3...
2019-09-20 22:56:48,263 - root - WARNING - The image is 32bit.
2019-09-20 22:56:48,263 - root - INFO - Reading image header(non-bip)...
2019-09-20 22:56:48,263 - root - INFO - Image header was read:
2019-09-20 22:56:48,263 - root - INFO - Width: 16, Height: 26, RowLength: 64
2019-09-20 22:56:48,263 - root - INFO - BPP: 32, Transparency: False
2019-09-20 22:56:48,264 - root - INFO - Resource 4 offset: 1111528, length: 1688...
2019-09-20 22:56:48,264 - root - DEBUG - Reading resource 4...
2019-09-20 22:56:48,264 - root - WARNING - The image is 32bit.
2019-09-20 22:56:48,264 - root - INFO - Reading image header(non-bip)...
2019-09-20 22:56:48,264 - root - INFO - Image header was read:
2019-09-20 22:56:48,264 - root - INFO - Width: 16, Height: 26, RowLength: 64
2019-09-20 22:56:48,264 - root - INFO - BPP: 32, Transparency: False
2019-09-20 22:56:48,265 - root - INFO - Resource 5 offset: 1113216, length: 1688...
2019-09-20 22:56:48,265 - root - DEBUG - Reading resource 5...
2019-09-20 22:56:48,265 - root - WARNING - The image is 32bit.
2019-09-20 22:56:48,265 - root - INFO - Reading image header(non-bip)...
2019-09-20 22:56:48,265 - root - INFO - Image header was read:
2019-09-20 22:56:48,265 - root - INFO - Width: 16, Height: 26, RowLength: 64
2019-09-20 22:56:48,265 - root - INFO - BPP: 32, Transparency: False
2019-09-20 22:56:48,266 - root - INFO - Resource 6 offset: 1114904, length: 1688...
2019-09-20 22:56:48,266 - root - DEBUG - Reading resource 6...
2019-09-20 22:56:48,266 - root - WARNING - The image is 32bit.
2019-09-20 22:56:48,266 - root - INFO - Reading image header(non-bip)...
2019-09-20 22:56:48,266 - root - INFO - Image header was read:
2019-09-20 22:56:48,266 - root - INFO - Width: 16, Height: 26, RowLength: 64
2019-09-20 22:56:48,266 - root - INFO - BPP: 32, Transparency: False
2019-09-20 22:56:48,267 - root - INFO - Resource 7 offset: 1116592, length: 1688...
2019-09-20 22:56:48,267 - root - DEBUG - Reading resource 7...
2019-09-20 22:56:48,267 - root - WARNING - The image is 32bit.
2019-09-20 22:56:48,267 - root - INFO - Reading image header(non-bip)...
2019-09-20 22:56:48,267 - root - INFO - Image header was read:
2019-09-20 22:56:48,268 - root - INFO - Width: 16, Height: 26, RowLength: 64
2019-09-20 22:56:48,268 - root - INFO - BPP: 32, Transparency: False
2019-09-20 22:56:48,269 - root - INFO - Resource 8 offset: 1118280, length: 1688...
2019-09-20 22:56:48,270 - root - DEBUG - Reading resource 8...
2019-09-20 22:56:48,270 - root - WARNING - The image is 32bit.
2019-09-20 22:56:48,270 - root - INFO - Reading image header(non-bip)...
2019-09-20 22:56:48,270 - root - INFO - Image header was read:
2019-09-20 22:56:48,270 - root - INFO - Width: 16, Height: 26, RowLength: 64
2019-09-20 22:56:48,270 - root - INFO - BPP: 32, Transparency: False
2019-09-20 22:56:48,271 - root - INFO - Resource 9 offset: 1119968, length: 1688...
2019-09-20 22:56:48,271 - root - DEBUG - Reading resource 9...
2019-09-20 22:56:48,271 - root - WARNING - The image is 32bit.
2019-09-20 22:56:48,271 - root - INFO - Reading image header(non-bip)...
2019-09-20 22:56:48,272 - root - INFO - Image header was read:
2019-09-20 22:56:48,272 - root - INFO - Width: 16, Height: 26, RowLength: 64
2019-09-20 22:56:48,272 - root - INFO - BPP: 32, Transparency: False
2019-09-20 22:56:48,273 - root - INFO - Resource 10 offset: 1121656, length: 1688...
2019-09-20 22:56:48,273 - root - DEBUG - Reading resource 10...
2019-09-20 22:56:48,273 - root - WARNING - The image is 32bit.
2019-09-20 22:56:48,273 - root - INFO - Reading image header(non-bip)...
2019-09-20 22:56:48,273 - root - INFO - Image header was read:
2019-09-20 22:56:48,273 - root - INFO - Width: 16, Height: 26, RowLength: 64
2019-09-20 22:56:48,273 - root - INFO - BPP: 32, Transparency: False
2019-09-20 22:56:48,274 - root - INFO - Resource 11 offset: 1123344, length: 1688...
2019-09-20 22:56:48,274 - root - DEBUG - Reading resource 11...
2019-09-20 22:56:48,275 - root - WARNING - The image is 32bit.
2019-09-20 22:56:48,275 - root - INFO - Reading image header(non-bip)...
2019-09-20 22:56:48,275 - root - INFO - Image header was read:
2019-09-20 22:56:48,275 - root - INFO - Width: 16, Height: 26, RowLength: 64
2019-09-20 22:56:48,275 - root - INFO - BPP: 32, Transparency: False
2019-09-20 22:56:48,276 - root - INFO - Resource 12 offset: 1125032, length: 1688...
2019-09-20 22:56:48,276 - root - DEBUG - Reading resource 12...
2019-09-20 22:56:48,276 - root - WARNING - The image is 32bit.
2019-09-20 22:56:48,276 - root - INFO - Reading image header(non-bip)...
2019-09-20 22:56:48,276 - root - INFO - Image header was read:
2019-09-20 22:56:48,276 - root - INFO - Width: 16, Height: 26, RowLength: 64
2019-09-20 22:56:48,276 - root - INFO - BPP: 32, Transparency: False
2019-09-20 22:56:48,277 - root - INFO - Resource 13 offset: 1126720, length: 1688...
2019-09-20 22:56:48,277 - root - DEBUG - Reading resource 13...
2019-09-20 22:56:48,277 - root - WARNING - The image is 32bit.
2019-09-20 22:56:48,277 - root - INFO - Reading image header(non-bip)...
2019-09-20 22:56:48,277 - root - INFO - Image header was read:
2019-09-20 22:56:48,277 - root - INFO - Width: 16, Height: 26, RowLength: 64
2019-09-20 22:56:48,277 - root - INFO - BPP: 32, Transparency: False
2019-09-20 22:56:48,278 - root - INFO - Resource 14 offset: 1128408, length: 1688...
2019-09-20 22:56:48,278 - root - DEBUG - Reading resource 14...
2019-09-20 22:56:48,278 - root - WARNING - The image is 32bit.
2019-09-20 22:56:48,278 - root - INFO - Reading image header(non-bip)...
2019-09-20 22:56:48,278 - root - INFO - Image header was read:
2019-09-20 22:56:48,278 - root - INFO - Width: 16, Height: 26, RowLength: 64
2019-09-20 22:56:48,278 - root - INFO - BPP: 32, Transparency: False
2019-09-20 22:56:48,279 - root - INFO - Resource 15 offset: 1130096, length: 1688...
2019-09-20 22:56:48,279 - root - DEBUG - Reading resource 15...
2019-09-20 22:56:48,279 - root - WARNING - The image is 32bit.
2019-09-20 22:56:48,279 - root - INFO - Reading image header(non-bip)...
2019-09-20 22:56:48,279 - root - INFO - Image header was read:
2019-09-20 22:56:48,279 - root - INFO - Width: 16, Height: 26, RowLength: 64
2019-09-20 22:56:48,279 - root - INFO - BPP: 32, Transparency: False
2019-09-20 22:56:48,280 - root - INFO - Resource 16 offset: 1131784, length: 1688...
2019-09-20 22:56:48,280 - root - DEBUG - Reading resource 16...
2019-09-20 22:56:48,280 - root - WARNING - The image is 32bit.
2019-09-20 22:56:48,280 - root - INFO - Reading image header(non-bip)...
2019-09-20 22:56:48,280 - root - INFO - Image header was read:
2019-09-20 22:56:48,280 - root - INFO - Width: 16, Height: 26, RowLength: 64
2019-09-20 22:56:48,280 - root - INFO - BPP: 32, Transparency: False
2019-09-20 22:56:48,281 - root - INFO - Resource 17 offset: 1133472, length: 1688...
2019-09-20 22:56:48,281 - root - DEBUG - Reading resource 17...
2019-09-20 22:56:48,281 - root - WARNING - The image is 32bit.
2019-09-20 22:56:48,281 - root - INFO - Reading image header(non-bip)...
2019-09-20 22:56:48,281 - root - INFO - Image header was read:
2019-09-20 22:56:48,281 - root - INFO - Width: 16, Height: 26, RowLength: 64
2019-09-20 22:56:48,281 - root - INFO - BPP: 32, Transparency: False
2019-09-20 22:56:48,282 - root - INFO - Resource 18 offset: 1135160, length: 1688...
2019-09-20 22:56:48,282 - root - DEBUG - Reading resource 18...
2019-09-20 22:56:48,282 - root - WARNING - The image is 32bit.
2019-09-20 22:56:48,282 - root - INFO - Reading image header(non-bip)...
2019-09-20 22:56:48,282 - root - INFO - Image header was read:
2019-09-20 22:56:48,282 - root - INFO - Width: 16, Height: 26, RowLength: 64
2019-09-20 22:56:48,282 - root - INFO - BPP: 32, Transparency: False
2019-09-20 22:56:48,283 - root - INFO - Resource 19 offset: 1136848, length: 1688...
2019-09-20 22:56:48,283 - root - DEBUG - Reading resource 19...
2019-09-20 22:56:48,283 - root - WARNING - The image is 32bit.
2019-09-20 22:56:48,283 - root - INFO - Reading image header(non-bip)...
2019-09-20 22:56:48,284 - root - INFO - Image header was read:
2019-09-20 22:56:48,284 - root - INFO - Width: 16, Height: 26, RowLength: 64
2019-09-20 22:56:48,284 - root - INFO - BPP: 32, Transparency: False
2019-09-20 22:56:48,285 - root - INFO - Resource 20 offset: 1138536, length: 1688...
2019-09-20 22:56:48,285 - root - DEBUG - Reading resource 20...
2019-09-20 22:56:48,285 - root - WARNING - The image is 32bit.
2019-09-20 22:56:48,285 - root - INFO - Reading image header(non-bip)...
2019-09-20 22:56:48,285 - root - INFO - Image header was read:
2019-09-20 22:56:48,285 - root - INFO - Width: 16, Height: 26, RowLength: 64
2019-09-20 22:56:48,285 - root - INFO - BPP: 32, Transparency: False
2019-09-20 22:56:48,288 - root - INFO - Resource 21 offset: 1140224, length: 1688...
2019-09-20 22:56:48,288 - root - DEBUG - Reading resource 21...
2019-09-20 22:56:48,288 - root - WARNING - The image is 32bit.
2019-09-20 22:56:48,288 - root - INFO - Reading image header(non-bip)...
2019-09-20 22:56:48,288 - root - INFO - Image header was read:
2019-09-20 22:56:48,288 - root - INFO - Width: 16, Height: 26, RowLength: 64
2019-09-20 22:56:48,288 - root - INFO - BPP: 32, Transparency: False
2019-09-20 22:56:48,290 - root - INFO - Resource 22 offset: 1141912, length: 3224...
2019-09-20 22:56:48,290 - root - DEBUG - Reading resource 22...
2019-09-20 22:56:48,290 - root - WARNING - The image is 32bit.
2019-09-20 22:56:48,290 - root - INFO - Reading image header(non-bip)...
2019-09-20 22:56:48,290 - root - INFO - Image header was read:
2019-09-20 22:56:48,290 - root - INFO - Width: 20, Height: 40, RowLength: 80
2019-09-20 22:56:48,290 - root - INFO - BPP: 32, Transparency: False
2019-09-20 22:56:48,292 - root - INFO - Resource 23 offset: 1145136, length: 544...
2019-09-20 22:56:48,292 - root - DEBUG - Reading resource 23...
2019-09-20 22:56:48,292 - root - WARNING - The image is 32bit.
2019-09-20 22:56:48,292 - root - INFO - Reading image header(non-bip)...
2019-09-20 22:56:48,292 - root - INFO - Image header was read:
2019-09-20 22:56:48,292 - root - INFO - Width: 5, Height: 26, RowLength: 20
2019-09-20 22:56:48,292 - root - INFO - BPP: 32, Transparency: False
2019-09-20 22:56:48,293 - root - INFO - Resource 24 offset: 1145680, length: 4496...
2019-09-20 22:56:48,293 - root - DEBUG - Reading resource 24...
2019-09-20 22:56:48,293 - root - WARNING - The image is 32bit.
2019-09-20 22:56:48,293 - root - INFO - Reading image header(non-bip)...
2019-09-20 22:56:48,293 - root - INFO - Image header was read:
2019-09-20 22:56:48,293 - root - INFO - Width: 43, Height: 26, RowLength: 172
2019-09-20 22:56:48,293 - root - INFO - BPP: 32, Transparency: False
2019-09-20 22:56:48,295 - root - INFO - Resource 25 offset: 1150176, length: 4496...
2019-09-20 22:56:48,295 - root - DEBUG - Reading resource 25...
2019-09-20 22:56:48,295 - root - WARNING - The image is 32bit.
2019-09-20 22:56:48,295 - root - INFO - Reading image header(non-bip)...
2019-09-20 22:56:48,295 - root - INFO - Image header was read:
2019-09-20 22:56:48,296 - root - INFO - Width: 43, Height: 26, RowLength: 172
2019-09-20 22:56:48,296 - root - INFO - BPP: 32, Transparency: False
2019-09-20 22:56:48,298 - root - INFO - Resource 26 offset: 1154672, length: 4496...
2019-09-20 22:56:48,298 - root - DEBUG - Reading resource 26...
2019-09-20 22:56:48,298 - root - WARNING - The image is 32bit.
2019-09-20 22:56:48,298 - root - INFO - Reading image header(non-bip)...
2019-09-20 22:56:48,298 - root - INFO - Image header was read:
2019-09-20 22:56:48,298 - root - INFO - Width: 43, Height: 26, RowLength: 172
2019-09-20 22:56:48,298 - root - INFO - BPP: 32, Transparency: False
2019-09-20 22:56:48,302 - root - INFO - Resource 27 offset: 1159168, length: 4496...
2019-09-20 22:56:48,302 - root - DEBUG - Reading resource 27...
2019-09-20 22:56:48,303 - root - WARNING - The image is 32bit.
2019-09-20 22:56:48,303 - root - INFO - Reading image header(non-bip)...
2019-09-20 22:56:48,303 - root - INFO - Image header was read:
2019-09-20 22:56:48,303 - root - INFO - Width: 43, Height: 26, RowLength: 172
2019-09-20 22:56:48,303 - root - INFO - BPP: 32, Transparency: False
2019-09-20 22:56:48,307 - root - INFO - Resource 28 offset: 1163664, length: 4496...
2019-09-20 22:56:48,307 - root - DEBUG - Reading resource 28...
2019-09-20 22:56:48,307 - root - WARNING - The image is 32bit.
2019-09-20 22:56:48,307 - root - INFO - Reading image header(non-bip)...
2019-09-20 22:56:48,307 - root - INFO - Image header was read:
2019-09-20 22:56:48,307 - root - INFO - Width: 43, Height: 26, RowLength: 172
2019-09-20 22:56:48,307 - root - INFO - BPP: 32, Transparency: False
2019-09-20 22:56:48,310 - root - INFO - Resource 29 offset: 1168160, length: 4496...
2019-09-20 22:56:48,310 - root - DEBUG - Reading resource 29...
2019-09-20 22:56:48,310 - root - WARNING - The image is 32bit.
2019-09-20 22:56:48,310 - root - INFO - Reading image header(non-bip)...
2019-09-20 22:56:48,310 - root - INFO - Image header was read:
2019-09-20 22:56:48,310 - root - INFO - Width: 43, Height: 26, RowLength: 172
2019-09-20 22:56:48,310 - root - INFO - BPP: 32, Transparency: False
2019-09-20 22:56:48,312 - root - INFO - Resource 30 offset: 1172656, length: 4496...
2019-09-20 22:56:48,313 - root - DEBUG - Reading resource 30...
2019-09-20 22:56:48,313 - root - WARNING - The image is 32bit.
2019-09-20 22:56:48,313 - root - INFO - Reading image header(non-bip)...
2019-09-20 22:56:48,313 - root - INFO - Image header was read:
2019-09-20 22:56:48,313 - root - INFO - Width: 43, Height: 26, RowLength: 172
2019-09-20 22:56:48,313 - root - INFO - BPP: 32, Transparency: False
2019-09-20 22:56:48,315 - root - INFO - Resource 31 offset: 1177152, length: 4496...
2019-09-20 22:56:48,315 - root - DEBUG - Reading resource 31...
2019-09-20 22:56:48,315 - root - WARNING - The image is 32bit.
2019-09-20 22:56:48,315 - root - INFO - Reading image header(non-bip)...
2019-09-20 22:56:48,315 - root - INFO - Image header was read:
2019-09-20 22:56:48,316 - root - INFO - Width: 43, Height: 26, RowLength: 172
2019-09-20 22:56:48,316 - root - INFO - BPP: 32, Transparency: False
2019-09-20 22:56:48,318 - root - INFO - Resource 32 offset: 1181648, length: 4496...
2019-09-20 22:56:48,318 - root - DEBUG - Reading resource 32...
2019-09-20 22:56:48,318 - root - WARNING - The image is 32bit.
2019-09-20 22:56:48,319 - root - INFO - Reading image header(non-bip)...
2019-09-20 22:56:48,319 - root - INFO - Image header was read:
2019-09-20 22:56:48,319 - root - INFO - Width: 43, Height: 26, RowLength: 172
2019-09-20 22:56:48,320 - root - INFO - BPP: 32, Transparency: False
2019-09-20 22:56:48,323 - root - INFO - Resource 33 offset: 1186144, length: 4496...
2019-09-20 22:56:48,323 - root - DEBUG - Reading resource 33...
2019-09-20 22:56:48,323 - root - WARNING - The image is 32bit.
2019-09-20 22:56:48,323 - root - INFO - Reading image header(non-bip)...
2019-09-20 22:56:48,323 - root - INFO - Image header was read:
2019-09-20 22:56:48,323 - root - INFO - Width: 43, Height: 26, RowLength: 172
2019-09-20 22:56:48,323 - root - INFO - BPP: 32, Transparency: False
2019-09-20 22:56:48,325 - root - INFO - Resource 34 offset: 1190640, length: 4496...
2019-09-20 22:56:48,326 - root - DEBUG - Reading resource 34...
2019-09-20 22:56:48,326 - root - WARNING - The image is 32bit.
2019-09-20 22:56:48,326 - root - INFO - Reading image header(non-bip)...
2019-09-20 22:56:48,326 - root - INFO - Image header was read:
2019-09-20 22:56:48,326 - root - INFO - Width: 43, Height: 26, RowLength: 172
2019-09-20 22:56:48,326 - root - INFO - BPP: 32, Transparency: False
2019-09-20 22:56:48,328 - root - INFO - Resource 35 offset: 1195136, length: 4496...
2019-09-20 22:56:48,328 - root - DEBUG - Reading resource 35...
2019-09-20 22:56:48,328 - root - WARNING - The image is 32bit.
2019-09-20 22:56:48,328 - root - INFO - Reading image header(non-bip)...
2019-09-20 22:56:48,328 - root - INFO - Image header was read:
2019-09-20 22:56:48,328 - root - INFO - Width: 43, Height: 26, RowLength: 172
2019-09-20 22:56:48,328 - root - INFO - BPP: 32, Transparency: False
2019-09-20 22:56:48,330 - root - INFO - Resource 36 offset: 1199632, length: 4496...
2019-09-20 22:56:48,330 - root - DEBUG - Reading resource 36...
2019-09-20 22:56:48,330 - root - WARNING - The image is 32bit.
2019-09-20 22:56:48,330 - root - INFO - Reading image header(non-bip)...
2019-09-20 22:56:48,330 - root - INFO - Image header was read:
2019-09-20 22:56:48,331 - root - INFO - Width: 43, Height: 26, RowLength: 172
2019-09-20 22:56:48,331 - root - INFO - BPP: 32, Transparency: False
2019-09-20 22:56:48,333 - root - INFO - Resource 37 offset: 1204128, length: 4496...
2019-09-20 22:56:48,333 - root - DEBUG - Reading resource 37...
2019-09-20 22:56:48,333 - root - WARNING - The image is 32bit.
2019-09-20 22:56:48,333 - root - INFO - Reading image header(non-bip)...
2019-09-20 22:56:48,333 - root - INFO - Image header was read:
2019-09-20 22:56:48,333 - root - INFO - Width: 43, Height: 26, RowLength: 172
2019-09-20 22:56:48,333 - root - INFO - BPP: 32, Transparency: False
2019-09-20 22:56:48,336 - root - INFO - Resource 38 offset: 1208624, length: 4496...
2019-09-20 22:56:48,336 - root - DEBUG - Reading resource 38...
2019-09-20 22:56:48,336 - root - WARNING - The image is 32bit.
2019-09-20 22:56:48,337 - root - INFO - Reading image header(non-bip)...
2019-09-20 22:56:48,337 - root - INFO - Image header was read:
2019-09-20 22:56:48,337 - root - INFO - Width: 43, Height: 26, RowLength: 172
2019-09-20 22:56:48,337 - root - INFO - BPP: 32, Transparency: False
2019-09-20 22:56:48,340 - root - INFO - Resource 39 offset: 1213120, length: 4496...
2019-09-20 22:56:48,340 - root - DEBUG - Reading resource 39...
2019-09-20 22:56:48,340 - root - WARNING - The image is 32bit.
2019-09-20 22:56:48,340 - root - INFO - Reading image header(non-bip)...
2019-09-20 22:56:48,340 - root - INFO - Image header was read:
2019-09-20 22:56:48,340 - root - INFO - Width: 43, Height: 26, RowLength: 172
2019-09-20 22:56:48,340 - root - INFO - BPP: 32, Transparency: False
2019-09-20 22:56:48,343 - root - INFO - Resource 40 offset: 1217616, length: 4496...
2019-09-20 22:56:48,343 - root - DEBUG - Reading resource 40...
2019-09-20 22:56:48,343 - root - WARNING - The image is 32bit.
2019-09-20 22:56:48,343 - root - INFO - Reading image header(non-bip)...
2019-09-20 22:56:48,343 - root - INFO - Image header was read:
2019-09-20 22:56:48,343 - root - INFO - Width: 43, Height: 26, RowLength: 172
2019-09-20 22:56:48,343 - root - INFO - BPP: 32, Transparency: False
2019-09-20 22:56:48,345 - root - INFO - Resource 41 offset: 1222112, length: 4496...
2019-09-20 22:56:48,345 - root - DEBUG - Reading resource 41...
2019-09-20 22:56:48,345 - root - WARNING - The image is 32bit.
2019-09-20 22:56:48,345 - root - INFO - Reading image header(non-bip)...
2019-09-20 22:56:48,345 - root - INFO - Image header was read:
2019-09-20 22:56:48,345 - root - INFO - Width: 43, Height: 26, RowLength: 172
2019-09-20 22:56:48,345 - root - INFO - BPP: 32, Transparency: False
2019-09-20 22:56:48,347 - root - INFO - Resource 42 offset: 1226608, length: 4496...
2019-09-20 22:56:48,347 - root - DEBUG - Reading resource 42...
2019-09-20 22:56:48,347 - root - WARNING - The image is 32bit.
2019-09-20 22:56:48,348 - root - INFO - Reading image header(non-bip)...
2019-09-20 22:56:48,348 - root - INFO - Image header was read:
2019-09-20 22:56:48,348 - root - INFO - Width: 43, Height: 26, RowLength: 172
2019-09-20 22:56:48,348 - root - INFO - BPP: 32, Transparency: False
2019-09-20 22:56:48,350 - root - INFO - Resource 43 offset: 1231104, length: 4496...
2019-09-20 22:56:48,350 - root - DEBUG - Reading resource 43...
2019-09-20 22:56:48,350 - root - WARNING - The image is 32bit.
2019-09-20 22:56:48,350 - root - INFO - Reading image header(non-bip)...
2019-09-20 22:56:48,350 - root - INFO - Image header was read:
2019-09-20 22:56:48,350 - root - INFO - Width: 43, Height: 26, RowLength: 172
2019-09-20 22:56:48,350 - root - INFO - BPP: 32, Transparency: False
2019-09-20 22:56:48,354 - root - INFO - Resource 44 offset: 1235600, length: 4496...
2019-09-20 22:56:48,354 - root - DEBUG - Reading resource 44...
2019-09-20 22:56:48,354 - root - WARNING - The image is 32bit.
2019-09-20 22:56:48,354 - root - INFO - Reading image header(non-bip)...
2019-09-20 22:56:48,354 - root - INFO - Image header was read:
2019-09-20 22:56:48,354 - root - INFO - Width: 43, Height: 26, RowLength: 172
2019-09-20 22:56:48,354 - root - INFO - BPP: 32, Transparency: False
2019-09-20 22:56:48,357 - root - INFO - Resource 45 offset: 1240096, length: 85144...
2019-09-20 22:56:48,357 - root - DEBUG - Reading resource 45...
2019-09-20 22:56:48,357 - root - WARNING - The image is 32bit.
2019-09-20 22:56:48,357 - root - INFO - Reading image header(non-bip)...
2019-09-20 22:56:48,357 - root - INFO - Image header was read:
2019-09-20 22:56:48,357 - root - INFO - Width: 76, Height: 280, RowLength: 304
2019-09-20 22:56:48,358 - root - INFO - BPP: 32, Transparency: False
2019-09-20 22:56:48,407 - root - INFO - Resource 46 offset: 1325240, length: 85144...
2019-09-20 22:56:48,407 - root - DEBUG - Reading resource 46...
2019-09-20 22:56:48,407 - root - WARNING - The image is 32bit.
2019-09-20 22:56:48,407 - root - INFO - Reading image header(non-bip)...
2019-09-20 22:56:48,407 - root - INFO - Image header was read:
2019-09-20 22:56:48,407 - root - INFO - Width: 76, Height: 280, RowLength: 304
2019-09-20 22:56:48,407 - root - INFO - BPP: 32, Transparency: False
2019-09-20 22:56:48,457 - root - INFO - Resource 47 offset: 1410384, length: 85144...
2019-09-20 22:56:48,457 - root - DEBUG - Reading resource 47...
2019-09-20 22:56:48,457 - root - WARNING - The image is 32bit.
2019-09-20 22:56:48,457 - root - INFO - Reading image header(non-bip)...
2019-09-20 22:56:48,457 - root - INFO - Image header was read:
2019-09-20 22:56:48,457 - root - INFO - Width: 76, Height: 280, RowLength: 304
2019-09-20 22:56:48,457 - root - INFO - BPP: 32, Transparency: False
2019-09-20 22:56:48,505 - root - DEBUG - Parsing parameters...
2019-09-20 22:56:48,508 - root - DEBUG - generatePreviews
2019-09-20 22:56:48,508 - root - DEBUG - Generating previews...
2019-09-20 22:56:48,509 - root - DEBUG - Generating states done...
2019-09-20 22:56:48,696 - root - DEBUG - Generating static preview gen done...
2019-09-20 22:56:48,826 - root - DEBUG - Generating static preview save done...
2019-09-20 22:56:48,826 - root - DEBUG - Generating anim preview gen done...
2019-09-20 22:56:49,059 - root - DEBUG - generatePreviews done
2019-09-20 22:56:49,059 - root - DEBUG - Exporting resources to 'remake_013'
2019-09-20 22:56:49,059 - root - DEBUG - extracting remake_013/0000.png...
2019-09-20 22:56:49,133 - root - DEBUG - extracting remake_013/0001.png...
2019-09-20 22:56:49,165 - root - DEBUG - extracting remake_013/0002.png...
2019-09-20 22:56:49,165 - root - DEBUG - extracting remake_013/0003.png...
2019-09-20 22:56:49,166 - root - DEBUG - extracting remake_013/0004.png...
2019-09-20 22:56:49,166 - root - DEBUG - extracting remake_013/0005.png...
2019-09-20 22:56:49,166 - root - DEBUG - extracting remake_013/0006.png...
2019-09-20 22:56:49,167 - root - DEBUG - extracting remake_013/0007.png...
2019-09-20 22:56:49,167 - root - DEBUG - extracting remake_013/0008.png...
2019-09-20 22:56:49,167 - root - DEBUG - extracting remake_013/0009.png...
2019-09-20 22:56:49,167 - root - DEBUG - extracting remake_013/0010.png...
2019-09-20 22:56:49,167 - root - DEBUG - extracting remake_013/0011.png...
2019-09-20 22:56:49,168 - root - DEBUG - extracting remake_013/0012.png...
2019-09-20 22:56:49,168 - root - DEBUG - extracting remake_013/0013.png...
2019-09-20 22:56:49,168 - root - DEBUG - extracting remake_013/0014.png...
2019-09-20 22:56:49,169 - root - DEBUG - extracting remake_013/0015.png...
2019-09-20 22:56:49,169 - root - DEBUG - extracting remake_013/0016.png...
2019-09-20 22:56:49,170 - root - DEBUG - extracting remake_013/0017.png...
2019-09-20 22:56:49,170 - root - DEBUG - extracting remake_013/0018.png...
2019-09-20 22:56:49,170 - root - DEBUG - extracting remake_013/0019.png...
2019-09-20 22:56:49,171 - root - DEBUG - extracting remake_013/0020.png...
2019-09-20 22:56:49,171 - root - DEBUG - extracting remake_013/0021.png...
2019-09-20 22:56:49,171 - root - DEBUG - extracting remake_013/0022.png...
2019-09-20 22:56:49,172 - root - DEBUG - extracting remake_013/0023.png...
2019-09-20 22:56:49,172 - root - DEBUG - extracting remake_013/0024.png...
2019-09-20 22:56:49,173 - root - DEBUG - extracting remake_013/0025.png...
2019-09-20 22:56:49,173 - root - DEBUG - extracting remake_013/0026.png...
2019-09-20 22:56:49,174 - root - DEBUG - extracting remake_013/0027.png...
2019-09-20 22:56:49,174 - root - DEBUG - extracting remake_013/0028.png...
2019-09-20 22:56:49,175 - root - DEBUG - extracting remake_013/0029.png...
2019-09-20 22:56:49,175 - root - DEBUG - extracting remake_013/0030.png...
2019-09-20 22:56:49,175 - root - DEBUG - extracting remake_013/0031.png...
2019-09-20 22:56:49,175 - root - DEBUG - extracting remake_013/0032.png...
2019-09-20 22:56:49,176 - root - DEBUG - extracting remake_013/0033.png...
2019-09-20 22:56:49,176 - root - DEBUG - extracting remake_013/0034.png...
2019-09-20 22:56:49,176 - root - DEBUG - extracting remake_013/0035.png...
2019-09-20 22:56:49,177 - root - DEBUG - extracting remake_013/0036.png...
2019-09-20 22:56:49,177 - root - DEBUG - extracting remake_013/0037.png...
2019-09-20 22:56:49,177 - root - DEBUG - extracting remake_013/0038.png...
2019-09-20 22:56:49,178 - root - DEBUG - extracting remake_013/0039.png...
2019-09-20 22:56:49,178 - root - DEBUG - extracting remake_013/0040.png...
2019-09-20 22:56:49,178 - root - DEBUG - extracting remake_013/0041.png...
2019-09-20 22:56:49,179 - root - DEBUG - extracting remake_013/0042.png...
2019-09-20 22:56:49,179 - root - DEBUG - extracting remake_013/0043.png...
2019-09-20 22:56:49,179 - root - DEBUG - extracting remake_013/0044.png...
2019-09-20 22:56:49,179 - root - DEBUG - extracting remake_013/0045.png...
2019-09-20 22:56:49,183 - root - DEBUG - extracting remake_013/0046.png...
2019-09-20 22:56:49,189 - root - DEBUG - extracting remake_013/0047.png...
2019-09-20 22:56:49,192 - root - DEBUG - Exporting config...
